<?xml version="1.0" encoding="UTF-8"?>
<testng-results ignored="0" total="2" passed="2" failed="0" skipped="0">
  <reporter-output>
  </reporter-output>
  <suite started-at="2025-03-29T01:37:07 IST" name="Suite" finished-at="2025-03-29T01:37:25 IST" duration-ms="17819">
    <groups>
    </groups>
    <test started-at="2025-03-29T01:37:07 IST" name="Test" finished-at="2025-03-29T01:37:25 IST" duration-ms="17819">
      <class name="testcases.LoingTest">
        <test-method is-config="true" signature="initilation()[pri:0, instance:testcases.LoingTest@76505305]" started-at="2025-03-29T01:37:07 IST" name="initilation" finished-at="2025-03-29T01:37:15 IST" duration-ms="8571" status="PASS">
          <reporter-output>
          </reporter-output>
        </test-method> <!-- initilation -->
        <test-method signature="Invalidlogin(java.lang.String,java.lang.String,java.lang.String)[pri:0, instance:testcases.LoingTest@76505305]" started-at="2025-03-29T01:37:15 IST" name="Invalidlogin" data-provider="Invalidlogindata" finished-at="2025-03-29T01:37:16 IST" duration-ms="852" status="PASS">
          <params>
            <param index="0">
              <value>
                <![CDATA[NB002]]>
              </value>
            </param>
            <param index="1">
              <value>
                <![CDATA[Admin1]]>
              </value>
            </param>
            <param index="2">
              <value>
                <![CDATA[Sit@1234S]]>
              </value>
            </param>
          </params>
          <reporter-output>
          </reporter-output>
        </test-method> <!-- Invalidlogin -->
        <test-method is-config="true" signature="teardown()[pri:0, instance:testcases.LoingTest@76505305]" started-at="2025-03-29T01:37:16 IST" name="teardown" finished-at="2025-03-29T01:37:16 IST" duration-ms="247" status="PASS">
          <reporter-output>
          </reporter-output>
        </test-method> <!-- teardown -->
        <test-method is-config="true" signature="initilation()[pri:0, instance:testcases.LoingTest@76505305]" started-at="2025-03-29T01:37:16 IST" name="initilation" finished-at="2025-03-29T01:37:24 IST" duration-ms="7086" status="PASS">
          <reporter-output>
          </reporter-output>
        </test-method> <!-- initilation -->
        <test-method signature="Validlogin(java.lang.String,java.lang.String,java.lang.String)[pri:0, instance:testcases.LoingTest@76505305]" started-at="2025-03-29T01:37:24 IST" name="Validlogin" data-provider="Validlogindata" finished-at="2025-03-29T01:37:24 IST" duration-ms="742" status="PASS">
          <params>
            <param index="0">
              <value>
                <![CDATA[NB001]]>
              </value>
            </param>
            <param index="1">
              <value>
                <![CDATA[Admin]]>
              </value>
            </param>
            <param index="2">
              <value>
                <![CDATA[Sit@1234]]>
              </value>
            </param>
          </params>
          <reporter-output>
          </reporter-output>
        </test-method> <!-- Validlogin -->
        <test-method is-config="true" signature="teardown()[pri:0, instance:testcases.LoingTest@76505305]" started-at="2025-03-29T01:37:24 IST" name="teardown" finished-at="2025-03-29T01:37:25 IST" duration-ms="247" status="PASS">
          <reporter-output>
          </reporter-output>
        </test-method> <!-- teardown -->
      </class> <!-- testcases.LoingTest -->
    </test> <!-- Test -->
  </suite> <!-- Suite -->
</testng-results>
