<?xml version="1.0" encoding="UTF-8"?>
<testng-results ignored="0" total="2" passed="2" failed="0" skipped="0">
  <reporter-output>
  </reporter-output>
  <suite started-at="2025-03-26T02:30:18 IST" name="Suite" finished-at="2025-03-26T02:30:58 IST" duration-ms="40548">
    <groups>
    </groups>
    <test started-at="2025-03-26T02:30:18 IST" name="Test" finished-at="2025-03-26T02:30:58 IST" duration-ms="40548">
      <class name="testcases.LoingTest">
        <test-method is-config="true" signature="initilation()[pri:0, instance:testcases.LoingTest@76505305]" started-at="2025-03-26T02:30:18 IST" name="initilation" finished-at="2025-03-26T02:30:43 IST" duration-ms="25018" status="PASS">
          <reporter-output>
          </reporter-output>
        </test-method> <!-- initilation -->
        <test-method signature="Invalidlogin(java.lang.String,java.lang.String,java.lang.String)[pri:0, instance:testcases.LoingTest@76505305]" started-at="2025-03-26T02:30:43 IST" name="Invalidlogin" data-provider="Invalidlogindata" finished-at="2025-03-26T02:30:48 IST" duration-ms="5098" status="PASS">
          <params>
            <param index="0">
              <value>
                <![CDATA[NB002]]>
              </value>
            </param>
            <param index="1">
              <value>
                <![CDATA[Admin1]]>
              </value>
            </param>
            <param index="2">
              <value>
                <![CDATA[Sit@1234S]]>
              </value>
            </param>
          </params>
          <reporter-output>
          </reporter-output>
        </test-method> <!-- Invalidlogin -->
        <test-method is-config="true" signature="teardown()[pri:0, instance:testcases.LoingTest@76505305]" started-at="2025-03-26T02:30:48 IST" name="teardown" finished-at="2025-03-26T02:30:48 IST" duration-ms="493" status="PASS">
          <reporter-output>
          </reporter-output>
        </test-method> <!-- teardown -->
        <test-method is-config="true" signature="initilation()[pri:0, instance:testcases.LoingTest@76505305]" started-at="2025-03-26T02:30:48 IST" name="initilation" finished-at="2025-03-26T02:30:56 IST" duration-ms="7693" status="PASS">
          <reporter-output>
          </reporter-output>
        </test-method> <!-- initilation -->
        <test-method signature="Validlogin(java.lang.String,java.lang.String,java.lang.String)[pri:0, instance:testcases.LoingTest@76505305]" started-at="2025-03-26T02:30:56 IST" name="Validlogin" data-provider="Validlogindata" finished-at="2025-03-26T02:30:57 IST" duration-ms="1254" status="PASS">
          <params>
            <param index="0">
              <value>
                <![CDATA[NB001]]>
              </value>
            </param>
            <param index="1">
              <value>
                <![CDATA[Admin]]>
              </value>
            </param>
            <param index="2">
              <value>
                <![CDATA[Sit@1234]]>
              </value>
            </param>
          </params>
          <reporter-output>
          </reporter-output>
        </test-method> <!-- Validlogin -->
        <test-method is-config="true" signature="teardown()[pri:0, instance:testcases.LoingTest@76505305]" started-at="2025-03-26T02:30:57 IST" name="teardown" finished-at="2025-03-26T02:30:58 IST" duration-ms="903" status="PASS">
          <reporter-output>
          </reporter-output>
        </test-method> <!-- teardown -->
      </class> <!-- testcases.LoingTest -->
    </test> <!-- Test -->
  </suite> <!-- Suite -->
</testng-results>
