<?xml version="1.0" encoding="UTF-8"?>
<testng-results ignored="0" total="2" passed="2" failed="0" skipped="0">
  <reporter-output>
  </reporter-output>
  <suite started-at="2025-03-26T02:25:12 IST" name="Default suite" finished-at="2025-03-26T02:26:07 IST" duration-ms="55505">
    <groups>
    </groups>
    <test started-at="2025-03-26T02:25:12 IST" name="Default test" finished-at="2025-03-26T02:26:07 IST" duration-ms="55505">
      <class name="testcases.LoingTest">
        <test-method is-config="true" signature="initilation()[pri:0, instance:testcases.LoingTest@13b6aecc]" started-at="2025-03-26T02:25:12 IST" name="initilation" finished-at="2025-03-26T02:25:57 IST" duration-ms="45758" status="PASS">
          <reporter-output>
          </reporter-output>
        </test-method> <!-- initilation -->
        <test-method signature="Invalidlogin(java.lang.String,java.lang.String,java.lang.String)[pri:0, instance:testcases.LoingTest@13b6aecc]" started-at="2025-03-26T02:25:57 IST" name="Invalidlogin" data-provider="Invalidlogindata" finished-at="2025-03-26T02:26:00 IST" duration-ms="2732" status="PASS">
          <params>
            <param index="0">
              <value>
                <![CDATA[NB002]]>
              </value>
            </param>
            <param index="1">
              <value>
                <![CDATA[Admin1]]>
              </value>
            </param>
            <param index="2">
              <value>
                <![CDATA[Sit@1234S]]>
              </value>
            </param>
          </params>
          <reporter-output>
          </reporter-output>
        </test-method> <!-- Invalidlogin -->
        <test-method is-config="true" signature="teardown()[pri:0, instance:testcases.LoingTest@13b6aecc]" started-at="2025-03-26T02:26:00 IST" name="teardown" finished-at="2025-03-26T02:26:01 IST" duration-ms="284" status="PASS">
          <reporter-output>
          </reporter-output>
        </test-method> <!-- teardown -->
        <test-method is-config="true" signature="initilation()[pri:0, instance:testcases.LoingTest@13b6aecc]" started-at="2025-03-26T02:26:01 IST" name="initilation" finished-at="2025-03-26T02:26:06 IST" duration-ms="5252" status="PASS">
          <reporter-output>
          </reporter-output>
        </test-method> <!-- initilation -->
        <test-method signature="Validlogin(java.lang.String,java.lang.String,java.lang.String)[pri:0, instance:testcases.LoingTest@13b6aecc]" started-at="2025-03-26T02:26:06 IST" name="Validlogin" data-provider="Validlogindata" finished-at="2025-03-26T02:26:07 IST" duration-ms="1048" status="PASS">
          <params>
            <param index="0">
              <value>
                <![CDATA[NB001]]>
              </value>
            </param>
            <param index="1">
              <value>
                <![CDATA[Admin]]>
              </value>
            </param>
            <param index="2">
              <value>
                <![CDATA[Sit@1234]]>
              </value>
            </param>
          </params>
          <reporter-output>
          </reporter-output>
        </test-method> <!-- Validlogin -->
        <test-method is-config="true" signature="teardown()[pri:0, instance:testcases.LoingTest@13b6aecc]" started-at="2025-03-26T02:26:07 IST" name="teardown" finished-at="2025-03-26T02:26:07 IST" duration-ms="280" status="PASS">
          <reporter-output>
          </reporter-output>
        </test-method> <!-- teardown -->
      </class> <!-- testcases.LoingTest -->
    </test> <!-- Default test -->
  </suite> <!-- Default suite -->
</testng-results>
